REQUETES GET - POST FROM EDGE

GET / HTTP/1.1
Host: localhost:8080
Connection: keep-alive
sec-ch-ua: "Not A(Brand";v="8", "Chromium";v="132", "Microsoft Edge";v="132"
sec-ch-ua-mobile: ?0
sec-ch-ua-platform: "Linux"
DNT: 1
Upgrade-Insecure-Requests: 1
User-Agent: Mozilla/5.0 (X11; Linux x86_64) AppleWebKit/537.36 (KHTML, like Gecko) Chrome/132.0.0.0 Safari/537.36 Edg/132.0.0.0
Accept: text/html,application/xhtml+xml,application/xml;q=0.9,image/avif,image/webp,image/apng,*/*;q=0.8,application/signed-exchange;v=b3;q=0.7
Sec-Fetch-Site: none
Sec-Fetch-Mode: navigate
Sec-Fetch-User: ?1
Sec-Fetch-Dest: document
Accept-Encoding: gzip, deflate, br, zstd
Accept-Language: fr,fr-FR;q=0.9,en;q=0.8,en-GB;q=0.7,en-US;q=0.6

POST /submit HTTP/1.1
Host: localhost:8080
Connection: keep-alive
Content-Length: 4
Cache-Control: max-age=0
sec-ch-ua: "Not A(Brand";v="8", "Chromium";v="132", "Microsoft Edge";v="132"
sec-ch-ua-mobile: ?0
sec-ch-ua-platform: "Linux"
Origin: http://localhost:8080
DNT: 1
Upgrade-Insecure-Requests: 1
Content-Type: application/x-www-form-urlencoded
User-Agent: Mozilla/5.0 (X11; Linux x86_64) AppleWebKit/537.36 (KHTML, like Gecko) Chrome/132.0.0.0 Safari/537.36 Edg/132.0.0.0
Accept: text/html,application/xhtml+xml,application/xml;q=0.9,image/avif,image/webp,image/apng,*/*;q=0.8,application/signed-exchange;v=b3;q=0.7
Sec-Fetch-Site: same-origin
Sec-Fetch-Mode: navigate
Sec-Fetch-User: ?1
Sec-Fetch-Dest: document
Referer: http://localhost:8080/
Accept-Encoding: gzip, deflate, br, zstd
Accept-Language: fr,fr-FR;q=0.9,en;q=0.8,en-GB;q=0.7,en-US;q=0.6

nom=



POST /submit HTTP/1.1
Host: localhost:8080
Connection: keep-alive
Content-Length: 11
Cache-Control: max-age=0
sec-ch-ua: "Not A(Brand";v="8", "Chromium";v="132", "Microsoft Edge";v="132"
sec-ch-ua-mobile: ?0
sec-ch-ua-platform: "Linux"
Origin: http://localhost:8080
DNT: 1
Upgrade-Insecure-Requests: 1
Content-Type: application/x-www-form-urlencoded
User-Agent: Mozilla/5.0 (X11; Linux x86_64) AppleWebKit/537.36 (KHTML, like Gecko) Chrome/132.0.0.0 Safari/537.36 Edg/132.0.0.0
Accept: text/html,application/xhtml+xml,application/xml;q=0.9,image/avif,image/webp,image/apng,*/*;q=0.8,application/signed-exchange;v=b3;q=0.7
Sec-Fetch-Site: same-origin
Sec-Fetch-Mode: navigate
Sec-Fetch-User: ?1
Sec-Fetch-Dest: document
Referer: http://localhost:8080/submit
Accept-Encoding: gzip, deflate, br, zstd
Accept-Language: fr,fr-FR;q=0.9,en;q=0.8,en-GB;q=0.7,en-US;q=0.6

nom=FlogoOn